  iteration.cpp
d:\project-c++\mpi2\mpi2\iteration.cpp(11): warning C4101: “j”: 未引用的局部变量
d:\project-c++\mpi2\mpi2\iteration.cpp(11): warning C4101: “i”: 未引用的局部变量
d:\project-c++\mpi2\mpi2\iteration.cpp(49): warning C4244: “=”: 从“int”转换到“float”，可能丢失数据
d:\project-c++\mpi2\mpi2\iteration.cpp(54): warning C4244: “=”: 从“double”转换到“float”，可能丢失数据
  main.cpp
d:\project-c++\mpi2\mpi2\main.cpp(33): warning C4091: “typedef ”: 没有声明变量时忽略“main::floatint”的左侧
d:\project-c++\mpi2\mpi2\main.cpp(164): warning C4244: “=”: 从“double”转换到“float”，可能丢失数据
d:\project-c++\mpi2\mpi2\main.cpp(46): warning C4101: “ranks”: 未引用的局部变量
d:\project-c++\mpi2\mpi2\main.cpp(37): warning C4101: “colcom”: 未引用的局部变量
d:\project-c++\mpi2\mpi2\main.cpp(45): warning C4101: “newgrp”: 未引用的局部变量
d:\project-c++\mpi2\mpi2\main.cpp(45): warning C4101: “grp1”: 未引用的局部变量
d:\project-c++\mpi2\mpi2\main.cpp(24): warning C4101: “rcounts”: 未引用的局部变量
d:\project-c++\mpi2\mpi2\main.cpp(18): warning C4101: “extnewtp”: 未引用的局部变量
d:\project-c++\mpi2\mpi2\main.cpp(18): warning C4101: “sizeabc”: 未引用的局部变量
d:\project-c++\mpi2\mpi2\main.cpp(25): warning C4101: “displs”: 未引用的局部变量
d:\project-c++\mpi2\mpi2\main.cpp(14): warning C4101: “k”: 未引用的局部变量
d:\project-c++\mpi2\mpi2\main.cpp(21): warning C4101: “b”: 未引用的局部变量
d:\project-c++\mpi2\mpi2\main.cpp(18): warning C4101: “extrect”: 未引用的局部变量
d:\project-c++\mpi2\mpi2\main.cpp(34): warning C4101: “resmxl”: 未引用的局部变量
d:\project-c++\mpi2\mpi2\main.cpp(18): warning C4101: “lb”: 未引用的局部变量
d:\project-c++\mpi2\mpi2\main.cpp(42): warning C4101: “en”: 未引用的局部变量
d:\project-c++\mpi2\mpi2\main.cpp(37): warning C4101: “rowcom”: 未引用的局部变量
d:\project-c++\mpi2\mpi2\main.cpp(21): warning C4101: “c”: 未引用的局部变量
d:\project-c++\mpi2\mpi2\main.cpp(19): warning C4101: “j”: 未引用的局部变量
d:\project-c++\mpi2\mpi2\main.cpp(18): warning C4101: “lb1”: 未引用的局部变量
d:\project-c++\mpi2\mpi2\main.cpp(17): warning C4101: “x”: 未引用的局部变量
d:\project-c++\mpi2\mpi2\main.cpp(14): warning C4101: “matr”: 未引用的局部变量
d:\project-c++\mpi2\mpi2\main.cpp(14): warning C4101: “narray”: 未引用的局部变量
d:\project-c++\mpi2\mpi2\main.cpp(38): warning C4101: “colid”: 未引用的局部变量
d:\project-c++\mpi2\mpi2\main.cpp(34): warning C4101: “mxl”: 未引用的局部变量
d:\project-c++\mpi2\mpi2\main.cpp(27): warning C4101: “fp”: 未引用的局部变量
d:\project-c++\mpi2\mpi2\main.cpp(21): warning C4101: “w”: 未引用的局部变量
d:\project-c++\mpi2\mpi2\main.cpp(16): warning C4101: “st”: 未引用的局部变量
d:\project-c++\mpi2\mpi2\main.cpp(15): warning C4101: “rect”: 未引用的局部变量
d:\project-c++\mpi2\mpi2\main.cpp(28): warning C4101: “bnp”: 未引用的局部变量
d:\project-c++\mpi2\mpi2\main.cpp(14): warning C4101: “marray”: 未引用的局部变量
d:\project-c++\mpi2\mpi2\main.cpp(38): warning C4101: “rowid”: 未引用的局部变量
d:\project-c++\mpi2\mpi2\main.cpp(21): warning C4101: “u”: 未引用的局部变量
d:\project-c++\mpi2\mpi2\main.cpp(15): warning C4101: “newtp”: 未引用的局部变量
  正在生成代码...
  mpi2.vcxproj -> D:\project-c++\mpi2\x64\Debug\mpi2.exe
