d:\project-c++\mpi2\mpi2\x64\debug\vc141.pdb
d:\project-c++\mpi2\mpi2\x64\debug\vc141.idb
d:\project-c++\mpi2\mpi2\x64\debug\main.obj
d:\project-c++\mpi2\mpi2\x64\debug\snglscan.obj
d:\project-c++\mpi2\mpi2\x64\debug\ring.obj
d:\project-c++\mpi2\mpi2\x64\debug\proc2d.obj
d:\project-c++\mpi2\mpi2\x64\debug\mpistruct.obj
d:\project-c++\mpi2\mpi2\x64\debug\iteration.obj
d:\project-c++\mpi2\mpi2\x64\debug\init_ab.obj
d:\project-c++\mpi2\mpi2\x64\debug\hanghang.obj
d:\project-c++\mpi2\mpi2\x64\debug\gemmv.obj
d:\project-c++\mpi2\mpi2\x64\debug\gemmm.obj
d:\project-c++\mpi2\mpi2\x64\debug\diagonal.obj
d:\project-c++\mpi2\mpi2\x64\debug\datatype.obj
d:\project-c++\mpi2\mpi2\x64\debug\cannon.obj
d:\project-c++\mpi2\x64\debug\mpi2.exe
d:\project-c++\mpi2\x64\debug\mpi2.ilk
d:\project-c++\mpi2\x64\debug\mpi2.pdb
d:\project-c++\mpi2\mpi2\x64\debug\mpi2.tlog\cl.command.1.tlog
d:\project-c++\mpi2\mpi2\x64\debug\mpi2.tlog\cl.read.1.tlog
d:\project-c++\mpi2\mpi2\x64\debug\mpi2.tlog\cl.write.1.tlog
d:\project-c++\mpi2\mpi2\x64\debug\mpi2.tlog\link.command.1.tlog
d:\project-c++\mpi2\mpi2\x64\debug\mpi2.tlog\link.read.1.tlog
d:\project-c++\mpi2\mpi2\x64\debug\mpi2.tlog\link.write.1.tlog
